2025-05-12 15:13:35.015 [info] Extension host with pid 190891 started
2025-05-12 15:13:35.023 [info] Lock '/home/subin/.vscode-server/data/User/workspaceStorage/3e899627b7165a281a80ed0465913daa/vscode.lock': Lock acquired.
2025-05-12 15:13:35.136 [info] ExtensionService#_doActivateExtension vscode.emmet, startup: false, activationEvent: 'onLanguage'
2025-05-12 15:13:35.394 [info] ExtensionService#_doActivateExtension vscode.git-base, startup: true, activationEvent: '*', root cause: vscode.git
2025-05-12 15:13:35.753 [info] ExtensionService#_doActivateExtension vscode.git, startup: true, activationEvent: '*'
2025-05-12 15:13:35.753 [info] ExtensionService#_doActivateExtension vscode.github, startup: true, activationEvent: '*'
2025-05-12 15:13:36.104 [warning] Using default string since no string found in i18n bundle that has the key: Log level: {0}
2025-05-12 15:13:36.108 [warning] Using default string since no string found in i18n bundle that has the key: Validating found git in: "{0}"
2025-05-12 15:13:36.170 [warning] Using default string since no string found in i18n bundle that has the key: Using git "{0}" from "{1}"
2025-05-12 15:13:36.192 [info] Eager extensions activated
2025-05-12 15:13:36.192 [info] ExtensionService#_doActivateExtension vscode.debug-auto-launch, startup: false, activationEvent: 'onStartupFinished'
2025-05-12 15:13:36.193 [info] ExtensionService#_doActivateExtension vscode.merge-conflict, startup: false, activationEvent: 'onStartupFinished'
2025-05-12 15:18:16.140 [warning] Using default string since no string found in i18n bundle that has the key: Git local working changes
2025-05-12 15:27:55.255 [info] ExtensionService#_doActivateExtension vscode.extension-editing, startup: false, activationEvent: 'onLanguage:markdown'
2025-05-12 15:27:55.256 [info] ExtensionService#_doActivateExtension vscode.markdown-language-features, startup: false, activationEvent: 'onLanguage:markdown'
2025-05-12 15:33:08.836 [info] ExtensionService#_doActivateExtension vscode.npm, startup: false, activationEvent: 'onTerminalQuickFixRequest:ms-vscode.npm-command'
2025-05-12 15:57:59.486 [info] ExtensionService#_doActivateExtension vscode.markdown-math, startup: false, activationEvent: 'api', root cause: vscode.markdown-language-features
2025-05-12 18:02:50.918 [info] Extension host terminating: received terminate message from renderer
2025-05-12 18:02:50.919 [info] Lock '/home/subin/.vscode-server/data/User/workspaceStorage/3e899627b7165a281a80ed0465913daa/vscode.lock': Marking the lockfile as scheduled to be released in 6000 ms.
2025-05-12 18:02:50.968 [error] Canceled: Canceled
	at new g (/home/subin/.vscode-server/bin/8b3775030ed1a69b13e4f4c628c612102e30a681/out/vs/workbench/api/node/extensionHostProcess.js:141:110274)
	at u.U (/home/subin/.vscode-server/bin/8b3775030ed1a69b13e4f4c628c612102e30a681/out/vs/workbench/api/node/extensionHostProcess.js:150:10866)
	at P.<computed>.j.charCodeAt.P.<computed> (/home/subin/.vscode-server/bin/8b3775030ed1a69b13e4f4c628c612102e30a681/out/vs/workbench/api/node/extensionHostProcess.js:150:8317)
	at d.g (/home/subin/.vscode-server/bin/8b3775030ed1a69b13e4f4c628c612102e30a681/out/vs/workbench/api/node/extensionHostProcess.js:141:139555)
	at d.executeCommand (/home/subin/.vscode-server/bin/8b3775030ed1a69b13e4f4c628c612102e30a681/out/vs/workbench/api/node/extensionHostProcess.js:141:138993)
	at b.registerCommand.description (/home/subin/.vscode-server/bin/8b3775030ed1a69b13e4f4c628c612102e30a681/out/vs/workbench/api/node/extensionHostProcess.js:141:138317)
	at d.h (/home/subin/.vscode-server/bin/8b3775030ed1a69b13e4f4c628c612102e30a681/out/vs/workbench/api/node/extensionHostProcess.js:141:140094)
	at d.g (/home/subin/.vscode-server/bin/8b3775030ed1a69b13e4f4c628c612102e30a681/out/vs/workbench/api/node/extensionHostProcess.js:141:139086)
	at d.executeCommand (/home/subin/.vscode-server/bin/8b3775030ed1a69b13e4f4c628c612102e30a681/out/vs/workbench/api/node/extensionHostProcess.js:141:138993)
	at Object.executeCommand (/home/subin/.vscode-server/bin/8b3775030ed1a69b13e4f4c628c612102e30a681/out/vs/workbench/api/node/extensionHostProcess.js:158:21333)
	at f.I [as value] (/home/subin/.vscode-server/bin/8b3775030ed1a69b13e4f4c628c612102e30a681/extensions/git/dist/main.js:2:924696)
	at n.y (/home/subin/.vscode-server/bin/8b3775030ed1a69b13e4f4c628c612102e30a681/out/vs/workbench/api/node/extensionHostProcess.js:80:1902)
	at n.z (/home/subin/.vscode-server/bin/8b3775030ed1a69b13e4f4c628c612102e30a681/out/vs/workbench/api/node/extensionHostProcess.js:80:1972)
	at n.fire (/home/subin/.vscode-server/bin/8b3775030ed1a69b13e4f4c628c612102e30a681/out/vs/workbench/api/node/extensionHostProcess.js:80:2188)
	at Object.m [as dispose] (/home/subin/.vscode-server/bin/8b3775030ed1a69b13e4f4c628c612102e30a681/extensions/git/dist/main.js:2:940613)
	at /home/subin/.vscode-server/bin/8b3775030ed1a69b13e4f4c628c612102e30a681/extensions/git/dist/main.js:2:945566
	at Array.forEach (<anonymous>)
	at p.dispose (/home/subin/.vscode-server/bin/8b3775030ed1a69b13e4f4c628c612102e30a681/extensions/git/dist/main.js:2:945552)
	at l.<anonymous> (/home/subin/.vscode-server/bin/8b3775030ed1a69b13e4f4c628c612102e30a681/out/vs/workbench/api/node/extensionHostProcess.js:137:3620)
	at l.dispose (/home/subin/.vscode-server/bin/8b3775030ed1a69b13e4f4c628c612102e30a681/out/vs/workbench/api/node/extensionHostProcess.js:137:3717)
	at l.<anonymous> (/home/subin/.vscode-server/bin/8b3775030ed1a69b13e4f4c628c612102e30a681/extensions/git/dist/main.js:2:926708)
	at l.dispose (/home/subin/.vscode-server/bin/8b3775030ed1a69b13e4f4c628c612102e30a681/out/vs/workbench/api/node/extensionHostProcess.js:137:3717)
	at s (/home/subin/.vscode-server/bin/8b3775030ed1a69b13e4f4c628c612102e30a681/out/vs/workbench/api/node/extensionHostProcess.js:30:754)
	at f.cb (/home/subin/.vscode-server/bin/8b3775030ed1a69b13e4f4c628c612102e30a681/out/vs/workbench/api/node/extensionHostProcess.js:154:9873)
	at /home/subin/.vscode-server/bin/8b3775030ed1a69b13e4f4c628c612102e30a681/out/vs/workbench/api/node/extensionHostProcess.js:154:7808
	at Array.map (<anonymous>)
	at f.Y (/home/subin/.vscode-server/bin/8b3775030ed1a69b13e4f4c628c612102e30a681/out/vs/workbench/api/node/extensionHostProcess.js:154:7795)
	at f.terminate (/home/subin/.vscode-server/bin/8b3775030ed1a69b13e4f4c628c612102e30a681/out/vs/workbench/api/node/extensionHostProcess.js:154:8068)
	at s.terminate (/home/subin/.vscode-server/bin/8b3775030ed1a69b13e4f4c628c612102e30a681/out/vs/workbench/api/node/extensionHostProcess.js:158:1513)
	at a (/home/subin/.vscode-server/bin/8b3775030ed1a69b13e4f4c628c612102e30a681/out/vs/workbench/api/node/extensionHostProcess.js:171:9802)
	at f.value (/home/subin/.vscode-server/bin/8b3775030ed1a69b13e4f4c628c612102e30a681/out/vs/workbench/api/node/extensionHostProcess.js:171:7849)
	at n.y (/home/subin/.vscode-server/bin/8b3775030ed1a69b13e4f4c628c612102e30a681/out/vs/workbench/api/node/extensionHostProcess.js:80:1902)
	at n.fire (/home/subin/.vscode-server/bin/8b3775030ed1a69b13e4f4c628c612102e30a681/out/vs/workbench/api/node/extensionHostProcess.js:80:2119)
	at o.fire (/home/subin/.vscode-server/bin/8b3775030ed1a69b13e4f4c628c612102e30a681/out/vs/workbench/api/node/extensionHostProcess.js:103:14039)
	at d.z (/home/subin/.vscode-server/bin/8b3775030ed1a69b13e4f4c628c612102e30a681/out/vs/workbench/api/node/extensionHostProcess.js:103:17104)
	at f.value (/home/subin/.vscode-server/bin/8b3775030ed1a69b13e4f4c628c612102e30a681/out/vs/workbench/api/node/extensionHostProcess.js:103:15556)
	at n.y (/home/subin/.vscode-server/bin/8b3775030ed1a69b13e4f4c628c612102e30a681/out/vs/workbench/api/node/extensionHostProcess.js:80:1902)
	at n.fire (/home/subin/.vscode-server/bin/8b3775030ed1a69b13e4f4c628c612102e30a681/out/vs/workbench/api/node/extensionHostProcess.js:80:2119)
	at f.acceptChunk (/home/subin/.vscode-server/bin/8b3775030ed1a69b13e4f4c628c612102e30a681/out/vs/workbench/api/node/extensionHostProcess.js:103:11813)
	at f.value (/home/subin/.vscode-server/bin/8b3775030ed1a69b13e4f4c628c612102e30a681/out/vs/workbench/api/node/extensionHostProcess.js:103:11100)
	at n.y (/home/subin/.vscode-server/bin/8b3775030ed1a69b13e4f4c628c612102e30a681/out/vs/workbench/api/node/extensionHostProcess.js:80:1902)
	at n.fire (/home/subin/.vscode-server/bin/8b3775030ed1a69b13e4f4c628c612102e30a681/out/vs/workbench/api/node/extensionHostProcess.js:80:2119)
	at n.z (/home/subin/.vscode-server/bin/8b3775030ed1a69b13e4f4c628c612102e30a681/out/vs/workbench/api/node/extensionHostProcess.js:168:19507) setContext undefined
2025-05-12 18:02:50.970 [error] Canceled: Canceled
	at new g (/home/subin/.vscode-server/bin/8b3775030ed1a69b13e4f4c628c612102e30a681/out/vs/workbench/api/node/extensionHostProcess.js:141:110274)
	at u.U (/home/subin/.vscode-server/bin/8b3775030ed1a69b13e4f4c628c612102e30a681/out/vs/workbench/api/node/extensionHostProcess.js:150:10866)
	at P.<computed>.j.charCodeAt.P.<computed> (/home/subin/.vscode-server/bin/8b3775030ed1a69b13e4f4c628c612102e30a681/out/vs/workbench/api/node/extensionHostProcess.js:150:8317)
	at d.g (/home/subin/.vscode-server/bin/8b3775030ed1a69b13e4f4c628c612102e30a681/out/vs/workbench/api/node/extensionHostProcess.js:141:139555)
	at d.executeCommand (/home/subin/.vscode-server/bin/8b3775030ed1a69b13e4f4c628c612102e30a681/out/vs/workbench/api/node/extensionHostProcess.js:141:138993)
	at b.registerCommand.description (/home/subin/.vscode-server/bin/8b3775030ed1a69b13e4f4c628c612102e30a681/out/vs/workbench/api/node/extensionHostProcess.js:141:138317)
	at d.h (/home/subin/.vscode-server/bin/8b3775030ed1a69b13e4f4c628c612102e30a681/out/vs/workbench/api/node/extensionHostProcess.js:141:140094)
	at d.g (/home/subin/.vscode-server/bin/8b3775030ed1a69b13e4f4c628c612102e30a681/out/vs/workbench/api/node/extensionHostProcess.js:141:139086)
	at d.executeCommand (/home/subin/.vscode-server/bin/8b3775030ed1a69b13e4f4c628c612102e30a681/out/vs/workbench/api/node/extensionHostProcess.js:141:138993)
	at Object.executeCommand (/home/subin/.vscode-server/bin/8b3775030ed1a69b13e4f4c628c612102e30a681/out/vs/workbench/api/node/extensionHostProcess.js:158:21333)
	at set b [as b] (/home/subin/.vscode-server/bin/8b3775030ed1a69b13e4f4c628c612102e30a681/extensions/github/dist/extension.js:2:322364)
	at /home/subin/.vscode-server/bin/8b3775030ed1a69b13e4f4c628c612102e30a681/extensions/github/dist/extension.js:2:323005
	at f.value (/home/subin/.vscode-server/bin/8b3775030ed1a69b13e4f4c628c612102e30a681/extensions/git/dist/main.js:2:1016450)
	at n.y (/home/subin/.vscode-server/bin/8b3775030ed1a69b13e4f4c628c612102e30a681/out/vs/workbench/api/node/extensionHostProcess.js:80:1902)
	at n.z (/home/subin/.vscode-server/bin/8b3775030ed1a69b13e4f4c628c612102e30a681/out/vs/workbench/api/node/extensionHostProcess.js:80:1972)
	at n.fire (/home/subin/.vscode-server/bin/8b3775030ed1a69b13e4f4c628c612102e30a681/out/vs/workbench/api/node/extensionHostProcess.js:80:2188)
	at Object.m [as dispose] (/home/subin/.vscode-server/bin/8b3775030ed1a69b13e4f4c628c612102e30a681/extensions/git/dist/main.js:2:940613)
	at /home/subin/.vscode-server/bin/8b3775030ed1a69b13e4f4c628c612102e30a681/extensions/git/dist/main.js:2:945566
	at Array.forEach (<anonymous>)
	at p.dispose (/home/subin/.vscode-server/bin/8b3775030ed1a69b13e4f4c628c612102e30a681/extensions/git/dist/main.js:2:945552)
	at l.<anonymous> (/home/subin/.vscode-server/bin/8b3775030ed1a69b13e4f4c628c612102e30a681/out/vs/workbench/api/node/extensionHostProcess.js:137:3620)
	at l.dispose (/home/subin/.vscode-server/bin/8b3775030ed1a69b13e4f4c628c612102e30a681/out/vs/workbench/api/node/extensionHostProcess.js:137:3717)
	at l.<anonymous> (/home/subin/.vscode-server/bin/8b3775030ed1a69b13e4f4c628c612102e30a681/extensions/git/dist/main.js:2:926708)
	at l.dispose (/home/subin/.vscode-server/bin/8b3775030ed1a69b13e4f4c628c612102e30a681/out/vs/workbench/api/node/extensionHostProcess.js:137:3717)
	at s (/home/subin/.vscode-server/bin/8b3775030ed1a69b13e4f4c628c612102e30a681/out/vs/workbench/api/node/extensionHostProcess.js:30:754)
	at f.cb (/home/subin/.vscode-server/bin/8b3775030ed1a69b13e4f4c628c612102e30a681/out/vs/workbench/api/node/extensionHostProcess.js:154:9873)
	at /home/subin/.vscode-server/bin/8b3775030ed1a69b13e4f4c628c612102e30a681/out/vs/workbench/api/node/extensionHostProcess.js:154:7808
	at Array.map (<anonymous>)
	at f.Y (/home/subin/.vscode-server/bin/8b3775030ed1a69b13e4f4c628c612102e30a681/out/vs/workbench/api/node/extensionHostProcess.js:154:7795)
	at f.terminate (/home/subin/.vscode-server/bin/8b3775030ed1a69b13e4f4c628c612102e30a681/out/vs/workbench/api/node/extensionHostProcess.js:154:8068)
	at s.terminate (/home/subin/.vscode-server/bin/8b3775030ed1a69b13e4f4c628c612102e30a681/out/vs/workbench/api/node/extensionHostProcess.js:158:1513)
	at a (/home/subin/.vscode-server/bin/8b3775030ed1a69b13e4f4c628c612102e30a681/out/vs/workbench/api/node/extensionHostProcess.js:171:9802)
	at f.value (/home/subin/.vscode-server/bin/8b3775030ed1a69b13e4f4c628c612102e30a681/out/vs/workbench/api/node/extensionHostProcess.js:171:7849)
	at n.y (/home/subin/.vscode-server/bin/8b3775030ed1a69b13e4f4c628c612102e30a681/out/vs/workbench/api/node/extensionHostProcess.js:80:1902)
	at n.fire (/home/subin/.vscode-server/bin/8b3775030ed1a69b13e4f4c628c612102e30a681/out/vs/workbench/api/node/extensionHostProcess.js:80:2119)
	at o.fire (/home/subin/.vscode-server/bin/8b3775030ed1a69b13e4f4c628c612102e30a681/out/vs/workbench/api/node/extensionHostProcess.js:103:14039)
	at d.z (/home/subin/.vscode-server/bin/8b3775030ed1a69b13e4f4c628c612102e30a681/out/vs/workbench/api/node/extensionHostProcess.js:103:17104)
	at f.value (/home/subin/.vscode-server/bin/8b3775030ed1a69b13e4f4c628c612102e30a681/out/vs/workbench/api/node/extensionHostProcess.js:103:15556)
	at n.y (/home/subin/.vscode-server/bin/8b3775030ed1a69b13e4f4c628c612102e30a681/out/vs/workbench/api/node/extensionHostProcess.js:80:1902)
	at n.fire (/home/subin/.vscode-server/bin/8b3775030ed1a69b13e4f4c628c612102e30a681/out/vs/workbench/api/node/extensionHostProcess.js:80:2119)
	at f.acceptChunk (/home/subin/.vscode-server/bin/8b3775030ed1a69b13e4f4c628c612102e30a681/out/vs/workbench/api/node/extensionHostProcess.js:103:11813)
	at f.value (/home/subin/.vscode-server/bin/8b3775030ed1a69b13e4f4c628c612102e30a681/out/vs/workbench/api/node/extensionHostProcess.js:103:11100)
	at n.y (/home/subin/.vscode-server/bin/8b3775030ed1a69b13e4f4c628c612102e30a681/out/vs/workbench/api/node/extensionHostProcess.js:80:1902)
	at n.fire (/home/subin/.vscode-server/bin/8b3775030ed1a69b13e4f4c628c612102e30a681/out/vs/workbench/api/node/extensionHostProcess.js:80:2119)
	at n.z (/home/subin/.vscode-server/bin/8b3775030ed1a69b13e4f4c628c612102e30a681/out/vs/workbench/api/node/extensionHostProcess.js:168:19507) setContext undefined
2025-05-12 18:02:50.970 [info] Extension host with pid 190891 exiting with code 0
